{"timestamp":"2026-04-17T07:12:55.058Z","phase":"execution","level":"info","message":"Phase started: execution — Add automated mypy coverage to repo metrics"}
{"timestamp":"2026-04-17T07:15:34.803Z","phase":"execution","level":"info","message":"Phase ended: execution (success) — Metrics: 2/2 passed"}
{"timestamp":"2026-04-17T07:21:33.352Z","phase":"execution","level":"info","message":"Phase started: execution — Add automated mypy coverage to repo metrics"}
{"timestamp":"2026-04-17T07:24:05.598Z","phase":"execution","level":"info","message":"Phase ended: execution (success) — Metrics: 2/2 passed"}
{"timestamp":"2026-04-17T07:35:16.013Z","phase":"execution","level":"info","message":"Phase started: execution — Add automated mypy coverage to repo metrics"}
{"level": "warning", "message": "Phase ended: execution (warning) \u2014 Metrics: 2/3 passed", "phase": "execution", "timestamp": "2026-04-17T07:38:19.464790Z"}
{"level": "info", "message": "Repo metrics artifact: .supervisor/logs/task-f6b8a2ff.metrics.json", "phase": "execution", "timestamp": "2026-04-17T07:38:19.464796Z"}
{"level": "info", "message": "Phase ended: execution (success) \u2014 Metrics: 3/3 passed", "phase": "execution", "timestamp": "2026-04-17T07:38:38.294427Z"}
{"level": "info", "message": "Repo metrics artifact: .supervisor/logs/task-f6b8a2ff.metrics.json", "phase": "execution", "timestamp": "2026-04-17T07:38:38.294432Z"}
{"level": "info", "message": "Phase ended: execution (success) \u2014 Metrics: 3/3 passed", "phase": "execution", "timestamp": "2026-04-17T07:40:44.743685Z"}
{"level": "info", "message": "Repo metrics artifact: .supervisor/logs/task-f6b8a2ff.metrics.json", "phase": "execution", "timestamp": "2026-04-17T07:40:44.743694Z"}
{"level": "info", "message": "Phase ended: execution (success) \u2014 Metrics: 3/3 passed", "phase": "execution", "timestamp": "2026-04-17T07:44:05.097623Z"}
{"level": "info", "message": "Repo metrics artifact: .supervisor/logs/task-f6b8a2ff.metrics.json", "phase": "execution", "timestamp": "2026-04-17T07:44:05.097628Z"}
{"level": "warning", "message": "Phase ended: execution (warning) \u2014 Metrics: 1/3 passed", "phase": "execution", "timestamp": "2026-04-17T07:45:11.037623Z"}
{"level": "info", "message": "Repo metrics artifact: .supervisor/logs/task-f6b8a2ff.metrics.json", "phase": "execution", "timestamp": "2026-04-17T07:45:11.037639Z"}
{"level": "info", "message": "Phase ended: execution (success) \u2014 Metrics: 3/3 passed", "phase": "execution", "timestamp": "2026-04-17T07:45:47.983804Z"}
{"level": "info", "message": "Repo metrics artifact: .supervisor/logs/task-f6b8a2ff.metrics.json", "phase": "execution", "timestamp": "2026-04-17T07:45:47.983814Z"}
{"level": "info", "message": "Phase ended: execution (success) \u2014 Metrics: 3/3 passed", "phase": "execution", "timestamp": "2026-04-17T07:47:16.359516Z"}
{"level": "info", "message": "Repo metrics artifact: .supervisor/logs/task-f6b8a2ff.metrics.json", "phase": "execution", "timestamp": "2026-04-17T07:47:16.359526Z"}
{"timestamp":"2026-04-17T07:48:02.939Z","phase":"execution","level":"info","message":"Phase ended: execution (success) — Metrics: 2/2 passed"}
{"timestamp":"2026-04-17T07:56:48.983Z","phase":"execution","level":"info","message":"Phase started: execution — Add automated mypy coverage to repo metrics"}
{"timestamp":"2026-04-17T08:01:46.884Z","phase":"execution","level":"info","message":"Phase ended: execution (success) — Metrics: 3/3 passed"}
{"timestamp":"2026-04-17T08:02:33.659Z","phase":"execution","level":"info","message":"Phase ended: execution (success) — Metrics: 2/2 passed"}
